  Compiling CUDA source file kernel.cu...
  
  D:\data\program\NumberRecognizer\NumberRecognizer\MirrorNeuroNetwork>"C:\Program Files\NVIDIA GPU Computing Toolkit\CUDA\v12.1\bin\nvcc.exe" -gencode=arch=compute_52,code=\"sm_52,compute_52\" --use-local-env -ccbin "D:\software\Visual Studio\Community\VC\Tools\MSVC\14.35.32215\bin\HostX64\x64" -x cu   -I"C:\Program Files\NVIDIA GPU Computing Toolkit\CUDA\v12.1\include" -I"D:\data\lib\vcpkg\installed\x64-windows\include" -I"C:\Program Files\NVIDIA GPU Computing Toolkit\CUDA\v12.1\include"     --keep-dir x64\Release  -maxrregcount=0   --machine 64 --compile -cudart static    -DWIN32 -DWIN64 -DNDEBUG -D_CONSOLE -D_MBCS -Xcompiler "/EHsc /W3 /nologo /O2 /FS   /MD " -Xcompiler "/Fdx64\Release\vc143.pdb" -o D:\data\program\NumberRecognizer\NumberRecognizer\MirrorNeuroNetwork\x64\Release\kernel.cu.obj "D:\data\program\NumberRecognizer\NumberRecognizer\MirrorNeuroNetwork\kernel.cu" 
D:/data/lib/vcpkg/installed/x64-windows/include\opencv2/stitching/detail/warpers.hpp(235): warning #611-D: overloaded virtual function "cv::detail::PlaneWarper::buildMaps" is only partially overridden in class "cv::detail::AffineWarper"
    class  AffineWarper : public PlaneWarper
           ^
  
  Remark: The warnings can be suppressed with "-diag-suppress <warning-number>"
  
D:/data/lib/vcpkg/installed/x64-windows/include\opencv2/stitching/detail/warpers.hpp(235): warning #611-D: overloaded virtual function "cv::detail::PlaneWarper::warp" is only partially overridden in class "cv::detail::AffineWarper"
    class  AffineWarper : public PlaneWarper
           ^
  
D:/data/lib/vcpkg/installed/x64-windows/include\opencv2/stitching/detail/blenders.hpp(100): warning #611-D: overloaded virtual function "cv::detail::Blender::prepare" is only partially overridden in class "cv::detail::FeatherBlender"
    class  FeatherBlender : public Blender
           ^
  
D:/data/lib/vcpkg/installed/x64-windows/include\opencv2/stitching/detail/blenders.hpp(127): warning #611-D: overloaded virtual function "cv::detail::Blender::prepare" is only partially overridden in class "cv::detail::MultiBandBlender"
    class  MultiBandBlender : public Blender
           ^
  
D:\data\program\NumberRecognizer\NumberRecognizer\MirrorNeuroNetwork\kernel.cu(730): warning #1569-D: specifiers after comma between declarations are nonstandard
    	int GroupIdx = 0, int GroupNum = 50;
    	                  ^
  
D:/data/lib/vcpkg/installed/x64-windows/include\opencv2/stitching/detail/warpers.hpp(235): warning #611-D: overloaded virtual function "cv::detail::PlaneWarper::buildMaps" is only partially overridden in class "cv::detail::AffineWarper"
    class  AffineWarper : public PlaneWarper
           ^
  
  Remark: The warnings can be suppressed with "-diag-suppress <warning-number>"
  
D:/data/lib/vcpkg/installed/x64-windows/include\opencv2/stitching/detail/warpers.hpp(235): warning #611-D: overloaded virtual function "cv::detail::PlaneWarper::warp" is only partially overridden in class "cv::detail::AffineWarper"
    class  AffineWarper : public PlaneWarper
           ^
  
D:/data/lib/vcpkg/installed/x64-windows/include\opencv2/stitching/detail/blenders.hpp(100): warning #611-D: overloaded virtual function "cv::detail::Blender::prepare" is only partially overridden in class "cv::detail::FeatherBlender"
    class  FeatherBlender : public Blender
           ^
  
D:/data/lib/vcpkg/installed/x64-windows/include\opencv2/stitching/detail/blenders.hpp(127): warning #611-D: overloaded virtual function "cv::detail::Blender::prepare" is only partially overridden in class "cv::detail::MultiBandBlender"
    class  MultiBandBlender : public Blender
           ^
  
D:\data\program\NumberRecognizer\NumberRecognizer\MirrorNeuroNetwork\kernel.cu(204): warning #550-D: variable "MaxLabel" was set but never used
    			CalFloat MaxVal = 0, MaxLabel = 0;
    			                     ^
  
D:\data\program\NumberRecognizer\NumberRecognizer\MirrorNeuroNetwork\kernel.cu(333): warning #550-D: variable "MaxLabel" was set but never used
    			CalFloat MaxVal = 0, MaxLabel = 0;
    			                     ^
  
D:\data\program\NumberRecognizer\NumberRecognizer\MirrorNeuroNetwork\kernel.cu(730): warning #1569-D: specifiers after comma between declarations are nonstandard
    	int GroupIdx = 0, int GroupNum = 50;
    	                  ^
  
D:\data\program\NumberRecognizer\NumberRecognizer\MirrorNeuroNetwork\kernel.cu(727): warning #177-D: variable "TrainScale" was declared but never referenced
    	const int TrainScale = 100000;
    	          ^
  
  kernel.cu
  tmpxft_000021e4_00000000-7_kernel.cudafe1.cpp
D:\data\program\NumberRecognizer\NumberRecognizer\MirrorNeuroNetwork\kernel.cu(90): warning C4267: “=”: 从“size_t”转换到“int”，可能丢失数据
D:\data\program\NumberRecognizer\NumberRecognizer\MirrorNeuroNetwork\kernel.cu(165): warning C4244: “return”: 从“CalFloat”转换到“int”，可能丢失数据
D:\data\program\NumberRecognizer\NumberRecognizer\MirrorNeuroNetwork\kernel.cu(274): warning C4475: “fprintf”: 不可在格式说明符中将长度修饰符“ll”与类型字段字符“f”一起使用
D:\data\program\NumberRecognizer\NumberRecognizer\MirrorNeuroNetwork\kernel.cu(403): warning C4475: “fprintf”: 不可在格式说明符中将长度修饰符“ll”与类型字段字符“f”一起使用
D:\data\program\NumberRecognizer\NumberRecognizer\MirrorNeuroNetwork\kernel.cu(527): warning C4018: “<”: 有符号/无符号不匹配
D:\data\program\NumberRecognizer\NumberRecognizer\MirrorNeuroNetwork\kernel.cu(535): warning C4018: “<”: 有符号/无符号不匹配
D:\data\program\NumberRecognizer\NumberRecognizer\MirrorNeuroNetwork\kernel.cu(596): warning C4018: “<”: 有符号/无符号不匹配
D:\data\program\NumberRecognizer\NumberRecognizer\MirrorNeuroNetwork\kernel.cu(604): warning C4018: “<”: 有符号/无符号不匹配
D:\data\program\NumberRecognizer\NumberRecognizer\MirrorNeuroNetwork\kernel.cu(675): warning C4244: “参数”: 从“time_t”转换到“unsigned int”，可能丢失数据
D:\data\program\NumberRecognizer\NumberRecognizer\MirrorNeuroNetwork\kernel.cu(689): warning C4018: “<”: 有符号/无符号不匹配
D:\data\program\NumberRecognizer\NumberRecognizer\MirrorNeuroNetwork\kernel.cu(743): warning C4018: “>=”: 有符号/无符号不匹配
D:\data\program\NumberRecognizer\NumberRecognizer\MirrorNeuroNetwork\kernel.cu(756): warning C4244: “=”: 从“__int64”转换到“int”，可能丢失数据
D:\data\program\NumberRecognizer\NumberRecognizer\MirrorNeuroNetwork\kernel.cu(768): warning C4018: “<”: 有符号/无符号不匹配
D:\data\program\NumberRecognizer\NumberRecognizer\MirrorNeuroNetwork\kernel.cu(780): warning C4244: “=”: 从“__int64”转换到“int”，可能丢失数据
    正在创建库 D:\data\program\NumberRecognizer\NumberRecognizer\x64\Release\MirrorNeuroNetwork.lib 和对象 D:\data\program\NumberRecognizer\NumberRecognizer\x64\Release\MirrorNeuroNetwork.exp
LINK : warning LNK4098: 默认库“LIBCMT”与其他库的使用冲突；请使用 /NODEFAULTLIB:library
  LINK : 已指定 /LTCG，但不需要生成代码；从链接命令行中移除 /LTCG 以提高链接器性能
  MirrorNeuroNetwork.vcxproj -> D:\data\program\NumberRecognizer\NumberRecognizer\x64\Release\MirrorNeuroNetwork.exe
